tricho_phage_NPSG.2	tricho_phage_NPSG.1	96.454	36715	1216	67	149200	72628	109298	143952	70680	107352	0.0	60508
tricho_phage_NPSG.2	tricho_phage_NPSG.1	97.526	32614	707	69	149200	116637	149184	143952	111114	143693	0.0	55664
tricho_phage_NPSG.2	tricho_phage_NPSG.1	96.959	20226	549	51	149200	52408	72593	143952	50409	70608	0.0	33883
tricho_phage_NPSG.2	tricho_phage_NPSG.1	98.048	15931	264	35	149200	21068	36972	143952	18879	34788	0.0	27652
tricho_phage_NPSG.2	tricho_phage_NPSG.1	98.372	6940	78	11	149200	1041	7953	143952	27	6958	0.0	12157
tricho_phage_NPSG.2	tricho_phage_NPSG.1	99.303	6169	32	5	149200	13698	19855	143952	12710	18878	0.0	11143
tricho_phage_NPSG.2	tricho_phage_NPSG.1	96.981	5631	158	9	149200	46349	51971	143952	44264	49890	0.0	9446
tricho_phage_NPSG.2	tricho_phage_NPSG.1	95.150	5608	263	7	149200	36853	42453	143952	34709	40314	0.0	8841
tricho_phage_NPSG.2	tricho_phage_NPSG.1	98.529	4556	54	5	149200	7949	12502	143952	6681	11225	0.0	8030
tricho_phage_NPSG.2	tricho_phage_NPSG.1	97.413	3595	93	0	149200	42776	46370	143952	40637	44231	0.0	6124
tricho_phage_NPSG.2	tricho_phage_NPSG.1	98.079	2238	42	1	149200	110745	112981	143952	107353	109590	0.0	3893
tricho_phage_NPSG.2	tricho_phage_NPSG.1	99.668	1204	3	1	149200	12495	13698	143952	11348	12550	0.0	2200
tricho_phage_NPSG.2	tricho_phage_NPSG.1	99.593	737	3	0	149200	20209	20945	143952	18142	18878	0.0	1345
tricho_phage_NPSG.2	tricho_phage_NPSG.1	89.098	1009	98	11	149200	115559	116560	143952	110100	111103	0.0	1243
tricho_phage_NPSG.2	tricho_phage_NPSG.1	87.949	780	69	23	149200	142779	143542	143952	137655	138425	0.0	896
tricho_phage_NPSG.2	tricho_phage_NPSG.1	86.973	783	75	23	149200	143161	143928	143952	137268	138038	0.0	856
tricho_phage_NPSG.2	tricho_phage_NPSG.1	95.257	506	21	3	149200	112933	113436	143952	109584	110088	0.0	798
tricho_phage_NPSG.2	tricho_phage_NPSG.1	86.400	625	63	15	149200	106615	107227	143952	104311	104925	0.0	664
tricho_phage_NPSG.2	tricho_phage_NPSG.1	86.124	627	65	14	149200	106260	106874	143952	104666	105282	0.0	656
tricho_phage_NPSG.2	tricho_phage_NPSG.1	90.181	387	29	8	149200	142779	143158	143952	138042	138426	1.03e-139	496
tricho_phage_NPSG.2	tricho_phage_NPSG.1	87.404	389	40	8	149200	143546	143929	143952	137268	137652	1.77e-122	438
tricho_phage_NPSG.2	tricho_phage_NPSG.1	95.781	237	6	4	149200	1	234	143952	143717	143952	1.09e-104	379
tricho_phage_NPSG.2	tricho_phage_NPSG.1	96.667	210	7	0	149200	19978	20187	143952	18879	19088	8.51e-96	350
tricho_phage_NPSG.2	tricho_phage_NPSG.1	85.149	303	24	9	149200	142245	142526	143952	136227	136529	5.23e-78	291
tricho_phage_NPSG.2	tricho_phage_NPSG.1	85.149	303	24	9	149200	141738	142040	143952	136734	137015	5.23e-78	291
tricho_phage_NPSG.2	tricho_phage_NPSG.1	92.746	193	11	2	149200	235	424	143952	1	193	1.47e-73	276
tricho_phage_NPSG.2	tricho_phage_NPSG.1	84.586	266	31	6	149200	106970	107227	143952	104311	104574	1.91e-67	255
tricho_phage_NPSG.2	tricho_phage_NPSG.1	84.586	266	31	6	149200	106260	106523	143952	105025	105282	1.91e-67	255
tricho_phage_NPSG.2	tricho_phage_NPSG.1	94.531	128	7	0	149200	34384	34511	143952	31974	32101	3.26e-50	198
tricho_phage_NPSG.2	tricho_phage_NPSG.1	94.531	128	7	0	149200	34158	34285	143952	32200	32327	3.26e-50	198
tricho_phage_NPSG.2	tricho_phage_NPSG.1	87.640	89	9	2	149200	1171	1259	143952	1333	1419	2.63e-21	102
tricho_phage_NPSG.2	tricho_phage_NPSG.1	97.778	45	1	0	149200	111261	111305	143952	107813	107857	4.44e-14	78.7
tricho_phage_NPSG.2	tricho_phage_NPSG.1	97.778	45	1	0	149200	111205	111249	143952	107869	107913	4.44e-14	78.7
tricho_phage_NPSG.2	tricho_phage_NPSG.1	85.526	76	3	6	149200	42705	42776	143952	40189	40260	2.06e-12	73.1
tricho_phage_NPSG.2	tricho_phage_NPSG.1	93.617	47	1	2	149200	111748	111793	143952	108300	108345	2.67e-11	69.4
tricho_phage_NPSG.2	tricho_phage_NPSG.1	87.931	58	5	2	149200	1175	1231	143952	90678	90622	9.60e-11	67.6
tricho_phage_NPSG.2	tricho_phage_NPSG.1	93.478	46	1	2	149200	111693	111737	143952	108357	108401	9.60e-11	67.6
tricho_phage_NPSG.2	tricho_phage_NPSG.1	81.690	71	10	3	149200	92557	92627	143952	224	157	2.08e-07	56.5
tricho_phage_NPSG.2	tricho_phage_NPSG.1	83.333	60	10	0	149200	92569	92628	143952	1395	1336	2.08e-07	56.5
tricho_phage_NPSG.2	tricho_phage_NPSG.1	100.000	29	0	0	149200	72470	72498	143952	70513	70485	7.47e-07	54.7
